<?xml version="1.0" encoding="UTF-8"?>
<!-- Generated by org.testng.reporters.JUnitReportReporter -->
<testsuite hostname="LAPTOP-5E7SJ6AA" failures="0" tests="2" name="testNG.ParallelExecution" time="14.948" errors="0" timestamp="11 Mar 2021 17:10:43 GMT" skipped="0">
  <testcase classname="testNG.ParallelExecution" name="chromeBrowser" time="6.296"/>
  <testcase classname="testNG.ParallelExecution" name="fireFoxBrowser" time="8.652"/>
</testsuite> <!-- testNG.ParallelExecution -->
