<?xml version="1.0" encoding="UTF-8"?>
<!-- Generated by org.testng.reporters.JUnitReportReporter -->
<testsuite hostname="LAPTOP-5E7SJ6AA" failures="0" tests="3" name="testNG.TestNGDataProvideConcept" time="0.010" errors="0" timestamp="11 Mar 2021 03:24:06 GMT" skipped="0">
  <testcase classname="testNG.TestNGDataProvideConcept" name="test" time="0.009"/>
  <testcase classname="testNG.TestNGDataProvideConcept" name="test" time="0.000"/>
  <testcase classname="testNG.TestNGDataProvideConcept" name="test" time="0.001"/>
</testsuite> <!-- testNG.TestNGDataProvideConcept -->
