<?xml version="1.0" encoding="UTF-8"?>
<!-- Generated by org.testng.reporters.JUnitReportReporter -->
<testsuite hostname="LAPTOP-5E7SJ6AA" failures="0" tests="2" name="testNG.TestNGAssertions" time="0.034" errors="0" timestamp="23 Feb 2021 02:47:29 GMT" skipped="1">
  <testcase classname="testNG.TestNGAssertions" name="SoftAssertion" time="0.034"/>
  <testcase classname="testNG.TestNGAssertions" name="hardAssertion">
    <skipped/>
  </testcase> <!-- hardAssertion -->
</testsuite> <!-- testNG.TestNGAssertions -->
