<?xml version="1.0" encoding="UTF-8"?>
<!-- Generated by org.testng.reporters.JUnitReportReporter -->
<testsuite hostname="LAPTOP-5E7SJ6AA" failures="0" tests="4" name="testNG.TestNGAnnotations" time="0.030" errors="0" timestamp="26 Feb 2021 17:08:37 GMT" skipped="0">
  <testcase classname="testNG.TestNGAnnotations" name="d" time="0.013"/>
  <testcase classname="testNG.TestNGAnnotations" name="a" time="0.004"/>
  <testcase classname="testNG.TestNGAnnotations" name="b" time="0.004"/>
  <testcase classname="testNG.TestNGAnnotations" name="c" time="0.009"/>
</testsuite> <!-- testNG.TestNGAnnotations -->
