<?xml version="1.0" encoding="UTF-8"?>
<!-- Generated by org.testng.reporters.JUnitReportReporter -->
<testsuite hostname="LAPTOP-5E7SJ6AA" failures="0" tests="1" name="testNG.TestNGparameters" time="0.028" errors="0" timestamp="11 Mar 2021 03:06:34 GMT" skipped="0">
  <testcase classname="testNG.TestNGparameters" name="test" time="0.028"/>
</testsuite> <!-- testNG.TestNGparameters -->
