<?xml version="1.0" encoding="UTF-8"?>
<!-- Generated by org.testng.reporters.JUnitReportReporter -->
<testsuite hostname="LAPTOP-5E7SJ6AA" failures="0" tests="2" name="testNG.Practice" time="0.022" errors="0" timestamp="11 Mar 2021 02:35:32 GMT" skipped="0">
  <testcase classname="testNG.Practice" name="testTwo" time="0.012"/>
  <testcase classname="testNG.Practice" name="testOne" time="0.010"/>
</testsuite> <!-- testNG.Practice -->
