<?xml version="1.0" encoding="UTF-8"?>
<!-- Generated by org.testng.reporters.JUnitReportReporter -->
<testsuite hostname="LAPTOP-5E7SJ6AA" failures="0" tests="5" name="testNG.TestNGGroups$TestNGgroups" time="0.040" errors="0" timestamp="11 Mar 2021 17:22:51 GMT" skipped="0">
  <testcase classname="testNG.TestNGGroups$TestNGgroups" name="testThree" time="0.006"/>
  <testcase classname="testNG.TestNGGroups$TestNGgroups" name="testTwo" time="0.004"/>
  <testcase classname="testNG.TestNGGroups$TestNGgroups" name="testFive" time="0.001"/>
  <testcase classname="testNG.TestNGGroups$TestNGgroups" name="test" time="0.026"/>
  <testcase classname="testNG.TestNGGroups$TestNGgroups" name="testFour" time="0.003"/>
</testsuite> <!-- testNG.TestNGGroups$TestNGgroups -->
