<?xml version="1.0" encoding="UTF-8"?>
<!-- Generated by org.testng.reporters.JUnitReportReporter -->
<testsuite hostname="LAPTOP-5E7SJ6AA" failures="0" tests="3" name="testNG.TestNGBasics" time="0.016" errors="0" timestamp="22 Feb 2021 18:33:51 GMT" skipped="0">
  <testcase classname="testNG.TestNGBasics" name="test01" time="0.012"/>
  <testcase classname="testNG.TestNGBasics" name="test03" time="0.003"/>
  <testcase classname="testNG.TestNGBasics" name="test02" time="0.001"/>
</testsuite> <!-- testNG.TestNGBasics -->
